0 info it worked if it ends with ok
1 verbose cli [ '/usr/bin/nodejs', '/usr/bin/npm', 'run-script', 'reset_db' ]
2 info using npm@3.5.2
3 info using node@v4.2.6
4 verbose run-script [ 'prereset_db', 'reset_db', 'postreset_db' ]
5 info lifecycle post-it@1.0.0~prereset_db: post-it@1.0.0
6 silly lifecycle post-it@1.0.0~prereset_db: no script for prereset_db, continuing
7 info lifecycle post-it@1.0.0~reset_db: post-it@1.0.0
8 verbose lifecycle post-it@1.0.0~reset_db: unsafe-perm in lifecycle true
9 verbose lifecycle post-it@1.0.0~reset_db: PATH: /usr/share/npm/bin/node-gyp-bin:/home/mazma/Desktop/post-it/node_modules/.bin:/home/mazma/bin:/home/mazma/.local/bin:/home/mazma/bin:/home/mazma/.local/bin:/usr/local/sbin:/usr/local/bin:/usr/sbin:/usr/bin:/sbin:/bin:/usr/games:/usr/local/games:/snap/bin:/snap/bin
10 verbose lifecycle post-it@1.0.0~reset_db: CWD: /home/mazma/Desktop/post-it
11 silly lifecycle post-it@1.0.0~reset_db: Args: [ '-c',
11 silly lifecycle   'NODE_ENV=production sequelize db:migrate:undo:all && NODE_ENV=production sequelize db:migrate:all' ]
12 silly lifecycle post-it@1.0.0~reset_db: Returned: code: 1  signal: null
13 info lifecycle post-it@1.0.0~reset_db: Failed to exec reset_db script
14 verbose stack Error: post-it@1.0.0 reset_db: `NODE_ENV=production sequelize db:migrate:undo:all && NODE_ENV=production sequelize db:migrate:all`
14 verbose stack Exit status 1
14 verbose stack     at EventEmitter.<anonymous> (/usr/share/npm/lib/utils/lifecycle.js:232:16)
14 verbose stack     at emitTwo (events.js:87:13)
14 verbose stack     at EventEmitter.emit (events.js:172:7)
14 verbose stack     at ChildProcess.<anonymous> (/usr/share/npm/lib/utils/spawn.js:24:14)
14 verbose stack     at emitTwo (events.js:87:13)
14 verbose stack     at ChildProcess.emit (events.js:172:7)
14 verbose stack     at maybeClose (internal/child_process.js:821:16)
14 verbose stack     at Process.ChildProcess._handle.onexit (internal/child_process.js:211:5)
15 verbose pkgid post-it@1.0.0
16 verbose cwd /home/mazma/Desktop/post-it
17 error Linux 4.4.0-79-generic
18 error argv "/usr/bin/nodejs" "/usr/bin/npm" "run-script" "reset_db"
19 error node v4.2.6
20 error npm  v3.5.2
21 error code ELIFECYCLE
22 error post-it@1.0.0 reset_db: `NODE_ENV=production sequelize db:migrate:undo:all && NODE_ENV=production sequelize db:migrate:all`
22 error Exit status 1
23 error Failed at the post-it@1.0.0 reset_db script 'NODE_ENV=production sequelize db:migrate:undo:all && NODE_ENV=production sequelize db:migrate:all'.
23 error Make sure you have the latest version of node.js and npm installed.
23 error If you do, this is most likely a problem with the post-it package,
23 error not with npm itself.
23 error Tell the author that this fails on your system:
23 error     NODE_ENV=production sequelize db:migrate:undo:all && NODE_ENV=production sequelize db:migrate:all
23 error You can get information on how to open an issue for this project with:
23 error     npm bugs post-it
23 error Or if that isn't available, you can get their info via:
23 error     npm owner ls post-it
23 error There is likely additional logging output above.
24 verbose exit [ 1, true ]
